\BOOKMARK [1][-]{Doc-Start}{\376\377\000I\000.\000\040\000E\000x\000e\000c\000u\000t\000i\000v\000e\000\040\000S\000u\000m\000m\000a\000r\000y}{}% 1
\BOOKMARK [1][-]{Doc-Start}{\376\377\000I\000I\000.\000\040\000D\000a\000t\000a\000\040\000\046\000\040\000M\000e\000t\000h\000o\000d\000o\000l\000o\000g\000y}{}% 2
\BOOKMARK [1][-]{section.1}{\376\377\000S\000t\000a\000t\000i\000s\000t\000i\000c\000a\000l\000\040\000P\000i\000p\000e\000l\000i\000n\000e}{}% 3
\BOOKMARK [2][-]{subsection.1.1}{\376\377\000D\000a\000t\000a\000\040\000I\000n\000g\000e\000s\000t\000i\000o\000n\000\040\000\046\000\040\000T\000r\000a\000n\000s\000f\000o\000r\000m\000a\000t\000i\000o\000n}{section.1}% 4
\BOOKMARK [2][-]{subsection.1.2}{\376\377\000F\000e\000a\000t\000u\000r\000e\000\040\000E\000n\000g\000i\000n\000e\000e\000r\000i\000n\000g}{section.1}% 5
\BOOKMARK [2][-]{subsection.1.3}{\376\377\000S\000t\000a\000t\000i\000o\000n\000a\000r\000i\000t\000y\000\040\000T\000e\000s\000t\000i\000n\000g}{section.1}% 6
\BOOKMARK [2][-]{subsection.1.4}{\376\377\000C\000o\000r\000r\000e\000l\000a\000t\000i\000o\000n\000\040\000S\000t\000r\000u\000c\000t\000u\000r\000e}{section.1}% 7
\BOOKMARK [2][-]{subsection.1.5}{\376\377\000T\000i\000m\000e\000\040\000S\000e\000r\000i\000e\000s\000\040\000D\000e\000c\000o\000m\000p\000o\000s\000i\000t\000i\000o\000n}{section.1}% 8
\BOOKMARK [1][-]{subsection.1.5}{\376\377\000I\000I\000I\000.\000\040\000R\000e\000t\000u\000r\000n\000\040\000D\000i\000s\000t\000r\000i\000b\000u\000t\000i\000o\000n\000\040\000\046\000\040\000D\000e\000s\000c\000r\000i\000p\000t\000i\000v\000e\000\040\000S\000t\000a\000t\000i\000s\000t\000i\000c\000s}{}% 9
\BOOKMARK [1][-]{section.2}{\376\377\000D\000e\000s\000c\000r\000i\000p\000t\000i\000v\000e\000\040\000S\000t\000a\000t\000i\000s\000t\000i\000c\000s}{}% 10
\BOOKMARK [1][-]{section.3}{\376\377\000L\000e\000p\000t\000o\000k\000u\000r\000t\000o\000s\000i\000s\000\040\000a\000n\000d\000\040\000t\000h\000e\000\040\000V\000o\000l\000a\000t\000i\000l\000i\000t\000y\000\040\000S\000m\000i\000l\000e}{}% 11
\BOOKMARK [1][-]{figure.caption.2}{\376\377\000I\000V\000.\000\040\000P\000r\000i\000c\000e\000\040\000\046\000\040\000V\000o\000l\000u\000m\000e\000\040\000O\000v\000e\000r\000v\000i\000e\000w}{}% 12
\BOOKMARK [1][-]{figure.caption.3}{\376\377\000V\000.\000\040\000V\000o\000l\000a\000t\000i\000l\000i\000t\000y\000\040\000R\000e\000g\000i\000m\000e\000s\000\040\000\046\000\040\000C\000l\000u\000s\000t\000e\000r\000i\000n\000g}{}% 13
\BOOKMARK [1][-]{section.4}{\376\377\000R\000e\000g\000i\000m\000e\000-\000b\000y\000-\000R\000e\000g\000i\000m\000e\000\040\000V\000o\000l\000a\000t\000i\000l\000i\000t\000y\000\040\000A\000n\000a\000l\000y\000s\000i\000s}{}% 14
\BOOKMARK [1][-]{section.5}{\376\377\000F\000o\000r\000m\000a\000l\000\040\000A\000R\000C\000H\000\040\000D\000i\000a\000g\000n\000o\000s\000t\000i\000c\000s}{}% 15
\BOOKMARK [1][-]{figure.caption.6}{\376\377\000V\000I\000.\000\040\000S\000t\000a\000t\000i\000o\000n\000a\000r\000i\000t\000y\000\040\000A\000n\000a\000l\000y\000s\000i\000s}{}% 16
\BOOKMARK [1][-]{section.6}{\376\377\000J\000o\000i\000n\000t\000\040\000A\000D\000F\000\040\000+\000\040\000K\000P\000S\000S\000\040\000F\000r\000a\000m\000e\000w\000o\000r\000k}{}% 17
\BOOKMARK [1][-]{figure.caption.8}{\376\377\000V\000I\000I\000.\000\040\000A\000u\000t\000o\000c\000o\000r\000r\000e\000l\000a\000t\000i\000o\000n\000\040\000S\000t\000r\000u\000c\000t\000u\000r\000e}{}% 18
\BOOKMARK [1][-]{section.7}{\376\377\000M\000o\000d\000e\000l\000\040\000O\000r\000d\000e\000r\000\040\000I\000d\000e\000n\000t\000i\000f\000i\000c\000a\000t\000i\000o\000n}{}% 19
\BOOKMARK [1][-]{section.7}{\376\377\000V\000I\000I\000I\000.\000\040\000T\000i\000m\000e\000\040\000S\000e\000r\000i\000e\000s\000\040\000D\000e\000c\000o\000m\000p\000o\000s\000i\000t\000i\000o\000n}{}% 20
\BOOKMARK [1][-]{section.8}{\376\377\000D\000e\000c\000o\000m\000p\000o\000s\000i\000t\000i\000o\000n\000\040\000D\000i\000a\000g\000n\000o\000s\000t\000i\000c\000s}{}% 21
\BOOKMARK [1][-]{figure.caption.11}{\376\377\000I\000X\000.\000\040\000R\000i\000s\000k\000\040\000M\000e\000t\000r\000i\000c\000s\000\040\000\046\000\040\000S\000e\000a\000s\000o\000n\000a\000l\000\040\000P\000a\000t\000t\000e\000r\000n\000s}{}% 22
\BOOKMARK [1][-]{section.9}{\376\377\000M\000o\000n\000t\000h\000l\000y\000\040\000R\000e\000t\000u\000r\000n\000\040\000C\000a\000l\000e\000n\000d\000a\000r}{}% 23
\BOOKMARK [1][-]{section.10}{\376\377\000D\000r\000a\000w\000d\000o\000w\000n\000\040\000A\000n\000a\000l\000y\000s\000i\000s}{}% 24
\BOOKMARK [1][-]{figure.caption.13}{\376\377\000X\000.\000\040\000C\000o\000n\000c\000l\000u\000s\000i\000o\000n\000s\000\040\000\046\000\040\000R\000e\000c\000o\000m\000m\000e\000n\000d\000e\000d\000\040\000N\000e\000x\000t\000\040\000S\000t\000e\000p\000s}{}% 25
\BOOKMARK [1][-]{section.11}{\376\377\000R\000e\000c\000o\000m\000m\000e\000n\000d\000e\000d\000\040\000E\000x\000t\000e\000n\000s\000i\000o\000n\000s}{}% 26
\BOOKMARK [1][-]{section.12}{\376\377\000T\000e\000c\000h\000n\000i\000c\000a\000l\000\040\000N\000o\000t\000e\000s}{}% 27
